生成启动时间为 2021/1/26 23:29:58。
     1>项目“D:\编程学习\study\1-26\1-26\1-26.vcxproj”在节点 2 上(Build 个目标)。
     1>ClCompile:
         D:\cc\VC\bin\CL.exe /c /ZI /nologo /W3 /WX- /sdl /Od /Oy- /D _MBCS /Gm /EHsc /RTC1 /MDd /GS /fp:precise /Zc:wchar_t /Zc:forScope /Fo"Debug\\" /Fd"Debug\vc120.pdb" /Gd /TP /analyze- /errorReport:prompt "1-26.cpp"
         1-26.cpp
     1>d:\编程学习\study\1-26\1-26\1-26.cpp(17): error C4430: 缺少类型说明符 - 假定为 int。注意:  C++ 不支持默认 int
     1>d:\编程学习\study\1-26\1-26\1-26.cpp(17): error C2365: “printf”: 重定义；以前的定义是“函数”
                 d:\cc\vc\include\stdio.h(264) : 参见“printf”的声明
     1>d:\编程学习\study\1-26\1-26\1-26.cpp(17): error C2078: 初始值设定项太多
     1>d:\编程学习\study\1-26\1-26\1-26.cpp(17): error C2440: “初始化”: 无法从“char [15]”转换为“int”
                 没有使该转换得以执行的上下文
     1>d:\编程学习\study\1-26\1-26\1-26.cpp(19): error C4430: 缺少类型说明符 - 假定为 int。注意:  C++ 不支持默认 int
     1>d:\编程学习\study\1-26\1-26\1-26.cpp(19): error C2365: “printf”: 重定义；以前的定义是“函数”
                 d:\cc\vc\include\stdio.h(264) : 参见“printf”的声明
     1>d:\编程学习\study\1-26\1-26\1-26.cpp(19): error C2078: 初始值设定项太多
     1>d:\编程学习\study\1-26\1-26\1-26.cpp(19): error C2440: “初始化”: 无法从“char [15]”转换为“int”
                 没有使该转换得以执行的上下文
     1>已完成生成项目“D:\编程学习\study\1-26\1-26\1-26.vcxproj”(Build 个目标)的操作 - 失败。

生成失败。

已用时间 00:00:01.01
